c:\users\davidrv4\desktop\sdl-game-2\debug\vc120.pdb
c:\users\davidrv4\desktop\sdl-game-2\debug\vc120.idb
c:\users\davidrv4\desktop\sdl-game-2\debug\application.obj
c:\users\davidrv4\desktop\sdl-game-2\debug\log.obj
c:\users\davidrv4\desktop\sdl-game-2\debug\main.obj
c:\users\davidrv4\desktop\sdl-game-2\debug\moduleaudio.obj
c:\users\davidrv4\desktop\sdl-game-2\debug\modulecollisions.obj
c:\users\davidrv4\desktop\sdl-game-2\debug\modulefadetoblack.obj
c:\users\davidrv4\desktop\sdl-game-2\debug\moduleinput.obj
c:\users\davidrv4\desktop\sdl-game-2\debug\moduleparticles.obj
c:\users\davidrv4\desktop\sdl-game-2\debug\moduleplayer.obj
c:\users\davidrv4\desktop\sdl-game-2\debug\modulerender.obj
c:\users\davidrv4\desktop\sdl-game-2\debug\modulescenehonda.obj
c:\users\davidrv4\desktop\sdl-game-2\debug\modulesceneken.obj
c:\users\davidrv4\desktop\sdl-game-2\debug\moduletextures.obj
c:\users\davidrv4\desktop\sdl-game-2\debug\modulewindow.obj
c:\users\davidrv4\desktop\sdl-game-2\debug\particle.obj
c:\users\davidrv4\desktop\sdl-game-2\debug\sdl game - master 1.ilk
c:\users\davidrv4\desktop\sdl-game-2\debug\sdl game - master 1.exe
c:\users\davidrv4\desktop\sdl-game-2\debug\sdl game - master 1.pdb
c:\users\davidrv4\desktop\sdl-game-2\debug\sdl game.746cc4c3.tlog\cl.command.1.tlog
c:\users\davidrv4\desktop\sdl-game-2\debug\sdl game.746cc4c3.tlog\cl.read.1.tlog
c:\users\davidrv4\desktop\sdl-game-2\debug\sdl game.746cc4c3.tlog\cl.write.1.tlog
c:\users\davidrv4\desktop\sdl-game-2\debug\sdl game.746cc4c3.tlog\link.command.1.tlog
c:\users\davidrv4\desktop\sdl-game-2\debug\sdl game.746cc4c3.tlog\link.read.1.tlog
c:\users\davidrv4\desktop\sdl-game-2\debug\sdl game.746cc4c3.tlog\link.write.1.tlog
